[12:02:17] [Client thread/INFO] [JMLogger] JourneyMap log initialized.
[12:02:17] [Client thread/INFO] [JourneymapClient] initialize ENTER
[12:02:17] [Client thread/WARN] [PropertiesBase] core (Initialized) Bad configField entry during updateFrom(): optionsManagerViewed=null
[12:02:17] [Client thread/WARN] [PropertiesBase] core (Initialized) Bad configField entry during updateFrom(): splashViewed=null
[12:02:17] [Client thread/INFO] [?] Version: JourneyMap 1.12.2-5.5.5, built with Forge 14.23.5.2768
Forge: 14.23.5.2846
Environment: os.name, os.arch, java.version, user.country, user.language=null, game language=en_us, locale=en_us
Features: 
	RadarPlayers : singleplayer = true , multiplayer = true
	RadarAnimals : singleplayer = true , multiplayer = true
	RadarMobs : singleplayer = true , multiplayer = true
	RadarVillagers : singleplayer = true , multiplayer = true
	MapTopo : singleplayer = true , multiplayer = true
	MapSurface : singleplayer = true , multiplayer = true
	MapCaves : singleplayer = true , multiplayer = true
MiniMapProperties{state=Valid, file=journeymap.minimap.config, configVersion=5.5.5, zoomLevel=0, showPlayers=true, frameAlpha=100, compassFontScale=1, terrainAlpha=100, showEntityNames=true, enabled=true, showPlayerHeading=true, showVillagers=true, info2Label=Game Time, sizePercent=30, showDayNight=true, info3Label=Location, showMobs=true, showPets=true, preferredMapType=day, showCompass=true, mobDisplay=Small Dots, showReticle=true, orientation=North, shape=Circle, showSelf=true, info4Label=Biome, locationFormat=xzyv, playerDisplay=Small Dots, showGrid=true, reticleOrientation=Compass, showWaypoints=true, showCaves=true, showAnimals=true, showMobHeading=true, showWaypointLabels=true, locationFormatVerbose=true, position=Top Right, info1Label=Blank, fontScale=1}
MiniMapProperties{state=Valid, file=journeymap.minimap2.config, configVersion=5.5.5, zoomLevel=0, showPlayers=true, frameAlpha=100, compassFontScale=1, terrainAlpha=100, showEntityNames=true, enabled=true, showPlayerHeading=true, showVillagers=true, info2Label=Game Time, sizePercent=30, showDayNight=true, info3Label=Location, showMobs=true, showPets=true, preferredMapType=day, showCompass=true, mobDisplay=Small Dots, showReticle=true, orientation=North, shape=Rectangle, showSelf=true, info4Label=Biome, locationFormat=xzyv, playerDisplay=Small Dots, showGrid=true, reticleOrientation=Compass, showWaypoints=true, showCaves=true, showAnimals=true, showMobHeading=true, showWaypointLabels=true, locationFormatVerbose=true, position=Top Right, info1Label=Blank, fontScale=1}
FullMapProperties{state=Valid, file=journeymap.fullmap.config, configVersion=5.5.5, mobDisplay=Small Dots, zoomLevel=0, showPlayers=true, showSelf=true, locationFormat=xzyv, playerDisplay=Small Dots, showGrid=true, showEntityNames=true, showPlayerHeading=true, showVillagers=true, showWaypoints=true, showCaves=true, showAnimals=true, showMobHeading=true, showKeys=true, showWaypointLabels=true, locationFormatVerbose=true, showMobs=true, showPets=true, fontScale=1, preferredMapType=day}
WaypointProperties{state=Valid, file=journeymap.waypoint.config, configVersion=5.5.5, createDeathpoints=true, showName=true, maxDistance=0, autoHideLabel=true, teleportCommand=/tp {name} {x} {y} {z}, showStaticBeam=true, minDistance=4, boldLabel=false, textureSmall=true, showDistance=true, showRotatingBeam=true, fontScale=2, showTexture=true, managerEnabled=true, beaconEnabled=true}
WebMapProperties{state=Valid, file=journeymap.webmap.config, configVersion=5.5.5, zoomLevel=0, showWaypoints=true, showCaves=true, showSelf=true, port=8080, showGrid=true, showEntityNames=true, enabled=false, googleMapApiDomain=.com, preferredMapType=day}
CoreProperties{state=Valid, file=journeymap.core.config, configVersion=5.5.5, verboseColorPalette=false, maxPlayersData=32, mapSurfaceAboveCaves=true, optionsManagerViewed=null, announceMod=true, colorPassive=#bbbbbb, renderOverlayEventTypeName=ALL, mapBlendWater=false, renderDistanceSurfaceMax=7, radarVerticalDistance=16, mapBlendGrass=true, recordCacheStats=false, hideSneakingEntities=true, revealShape=Circle, alwaysMapSurface=false, colorVillager=#88e188, mapPlants=false, colorPet=#0077ff, radarLateralDistance=64, mapBathymetry=false, mapCrops=true, maxMobsData=32, mapPlantShadows=false, alwaysMapCaves=false, checkUpdates=true, browserPoll=2000, mapBlendFoliage=true, mappingEnabled=true, colorPlayer=#ffffff, tileHighDisplayQuality=true, cacheVillagersData=2200, logLevel=INFO, maxVillagersData=32, maxAnimalsData=32, mapTransparency=true, tileRenderType=1, caveIgnoreGlass=true, mapTopography=true, renderDistanceCaveMax=3, mapAntialiasing=true, colorSelf=#0000ff, cachePlayersData=2000, cacheMobsData=3000, cachePlayerData=1000, splashViewed=null, colorHostile=#ff0000, cacheAnimalsData=3100, themeName=OceanMonument, mapCaveLighting=true, renderDelay=2, renderOverlayPreEvent=true, autoMapPoll=2000}
[12:02:17] [Client thread/INFO] [ClientAPI] [ClientAPI] built with JourneyMap API 1.4
[12:02:17] [Client thread/INFO] [PluginHelper] Initializing plugins with Client API: journeymap.client.api.impl.ClientAPI
[12:02:17] [Client thread/INFO] [PluginHelper] Initialized IClientPlugin: net.blay09.mods.waystones.compat.JourneyMapAddon
[12:02:17] [Client thread/INFO] [PluginHelper] Initialized IClientPlugin: com.feed_the_beast.ftbutilities.integration.JourneyMapIntegration
[12:02:17] [Client thread/INFO] [PluginHelper] Initialized IClientPlugin: com.teamacronymcoders.base.modules.journeymap.JourneyMapPlugin
[12:02:17] [Client thread/INFO] [JourneymapClient] initialize EXIT, elapsed count 0 avg ?ms
[12:02:52] [Client thread/DEBUG] [JourneymapClient] postInitialize ENTER
[12:02:52] [Client thread/DEBUG] [EventHandlerManager] Handler registered: journeymap.client.forge.event.KeyEventHandler
[12:02:52] [Client thread/DEBUG] [EventHandlerManager] Handler registered: journeymap.client.forge.event.ChatEventHandler
[12:02:52] [Client thread/DEBUG] [EventHandlerManager] Handler registered: journeymap.client.forge.event.StateTickHandler
[12:02:52] [Client thread/DEBUG] [EventHandlerManager] Handler registered: journeymap.client.forge.event.WorldEventHandler
[12:02:52] [Client thread/DEBUG] [EventHandlerManager] Handler registered: journeymap.client.forge.event.WaypointBeaconHandler
[12:02:52] [Client thread/DEBUG] [EventHandlerManager] Handler registered: journeymap.client.forge.event.TextureAtlasHandler
[12:02:52] [Client thread/DEBUG] [EventHandlerManager] Handler registered: journeymap.client.forge.event.MiniMapOverlayHandler
[12:02:52] [Client thread/DEBUG] [EventHandlerManager] Handler registered: journeymap.client.forge.event.PlayerConnectHandler
[12:02:52] [Client thread/DEBUG] [EventHandlerManager] Handler registered: journeymap.client.world.ChunkMonitor
[12:02:53] [Client thread/INFO] [IconSetFileHandler] Added entity icons from journeymap:icon/entity. Success: false
[12:02:53] [Client thread/TRACE] [ThemeLoader] Initializing themes ...
[12:02:53] [Client thread/INFO] [ThemeLoader] Preloaded theme textures: 72
[12:02:53] [Client thread/DEBUG] [JourneymapClient] postInitialize EXIT, elapsed§8 count §r1§8 avg §r647.75§8ms§r
[12:02:53] [JM-VersionCheck-1/INFO] [VersionCheck$1] Newer version online: JourneyMap 5.5.6.jar for Minecraft 1.12.2 on http://minecraft.curseforge.com/projects/journeymap/files/2844789
[12:06:36] [Client thread/INFO] [ModBlockDelegate] Custom modded block handling enabled for bibliocraft
[12:06:36] [Client thread/INFO] [ModBlockDelegate] Custom modded block handling enabled for biomesoplenty
[12:06:36] [Client thread/WARN] [PropertiesBase] core (Initialized) Bad configField entry during updateFrom(): optionsManagerViewed=null
[12:06:36] [Client thread/WARN] [PropertiesBase] core (Initialized) Bad configField entry during updateFrom(): splashViewed=null
[12:06:36] [Client thread/INFO] [WaypointStore] Loaded 0 waypoints from C:\ftb\FTBRevelation\minecraft\journeymap\data\mp\INFININIGGERS\waypoints
[12:06:37] [Client thread/INFO] [JourneymapClient] Mapping started in C:\ftb\FTBRevelation\minecraft\journeymap\data\mp\INFININIGGERS\DIM0. Memory: 4787MB total, 1726MB free 
[12:06:37] [Client thread/INFO] [ChatLog] JourneyMap: Press [J]
[12:06:37] [Netty Client IO #1/INFO] [JourneymapClient] Teleport Enabled:false
[12:08:10] [Client thread/INFO] [StateTickHandler] ShirayukiMizore died at BlockPos{x=98, y=63, z=-31}. Deathpoints enabled: true. Deathpoint created: true
[12:08:36] [Client thread/INFO] [StateTickHandler] ShirayukiMizore died at BlockPos{x=103, y=58, z=-40}. Deathpoints enabled: true. Deathpoint created: true
[12:09:52] [Client thread/INFO] [StateTickHandler] ShirayukiMizore died at BlockPos{x=143, y=64, z=-81}. Deathpoints enabled: true. Deathpoint created: true
[12:24:14] [Client thread/INFO] [StateTickHandler] ShirayukiMizore died at BlockPos{x=58, y=68, z=173}. Deathpoints enabled: true. Deathpoint created: true
[12:40:58] [Client thread/INFO] [StatTimer] TileDrawStep.updateRegionTexture hit max count, 1000000
[12:40:58] [Client thread/INFO] [StatTimer] TileDrawStep.draw(low) hit max count, 1000000
[13:00:53] [Client thread/INFO] [StateTickHandler] ShirayukiMizore died at BlockPos{x=116, y=29, z=-20}. Deathpoints enabled: true. Deathpoint created: true
[13:01:29] [Client thread/INFO] [StateTickHandler] ShirayukiMizore died at BlockPos{x=129, y=26, z=-25}. Deathpoints enabled: true. Deathpoint created: true
[13:02:02] [Client thread/INFO] [StateTickHandler] ShirayukiMizore died at BlockPos{x=110, y=29, z=-20}. Deathpoints enabled: true. Deathpoint created: true
[13:02:48] [Client thread/INFO] [StateTickHandler] ShirayukiMizore died at BlockPos{x=113, y=29, z=-19}. Deathpoints enabled: true. Deathpoint created: true
[13:57:58] [Client thread/INFO] [StateTickHandler] ShirayukiMizore died at BlockPos{x=111, y=64, z=-65}. Deathpoints enabled: true. Deathpoint created: true
