[11:41:13] [main/INFO] [LaunchWrapper]: Loading tweak class name net.minecraftforge.fml.common.launcher.FMLTweaker
[11:41:13] [main/INFO] [LaunchWrapper]: Using primary tweak class name net.minecraftforge.fml.common.launcher.FMLTweaker
[11:41:13] [main/INFO] [LaunchWrapper]: Calling tweak class net.minecraftforge.fml.common.launcher.FMLTweaker
[11:41:13] [main/INFO] [FML]: Forge Mod Loader version 14.23.5.2846 for Minecraft 1.12.2 loading
[11:41:13] [main/INFO] [FML]: Java is Java HotSpot(TM) 64-Bit Server VM, version 1.8.0_241, running on Windows 10:amd64:10.0, installed at C:\Program Files\Java\jre1.8.0_241
[11:41:14] [main/WARN] [FML]: The coremod FMLCorePlugin (net.minecraftforge.fml.relauncher.FMLCorePlugin) is not signed!
[11:41:14] [main/WARN] [FML]: The coremod FMLForgePlugin (net.minecraftforge.classloading.FMLForgePlugin) is not signed!
[11:41:14] [main/INFO] [FML]: Searching C:\ftb\FTBRevelation\minecraft\mods for mods
[11:41:14] [main/INFO] [FML]: Searching C:\ftb\FTBRevelation\minecraft\mods\1.12.2 for mods
[11:41:14] [main/WARN] [FML]: Found FMLCorePluginContainsFMLMod marker in Aroma1997Core-1.12.2-2.0.0.2.jar. This is not recommended, @Mods should be in a separate jar from the coremod.
[11:41:14] [main/WARN] [FML]: The coremod aroma1997.core.coremod.CoreMod does not have a MCVersion annotation, it may cause issues with this version of Minecraft
[11:41:14] [main/WARN] [FML]: Found FMLCorePluginContainsFMLMod marker in astralsorcery-1.12.2-1.10.20.jar. This is not recommended, @Mods should be in a separate jar from the coremod.
[11:41:14] [main/WARN] [FML]: The coremod hellfirepvp.astralsorcery.core.AstralCore does not have a MCVersion annotation, it may cause issues with this version of Minecraft
[11:41:14] [main/INFO] [Astral Core]: [AstralCore] Initialized.
[11:41:14] [main/WARN] [FML]: Found FMLCorePluginContainsFMLMod marker in bedpatch-2.2-1.12.2.jar. This is not recommended, @Mods should be in a separate jar from the coremod.
[11:41:14] [main/INFO] [FML]: Loading tweaker codechicken.asm.internal.Tweaker from ChickenASM-1.12-1.0.2.7.jar
[11:41:14] [main/WARN] [FML]: Found FMLCorePluginContainsFMLMod marker in CTM-MC1.12.2-0.3.3.22.jar. This is not recommended, @Mods should be in a separate jar from the coremod.
[11:41:14] [main/WARN] [FML]: The coremod team.chisel.ctm.client.asm.CTMCorePlugin does not have a MCVersion annotation, it may cause issues with this version of Minecraft
[11:41:14] [main/WARN] [FML]: The coremod CTMCorePlugin (team.chisel.ctm.client.asm.CTMCorePlugin) is not signed!
[11:41:14] [main/WARN] [FML]: Found FMLCorePluginContainsFMLMod marker in foamfix-0.10.5-1.12.2.jar. This is not recommended, @Mods should be in a separate jar from the coremod.
[11:41:14] [main/WARN] [FML]: The coremod pl.asie.foamfix.coremod.FoamFixCore does not have a MCVersion annotation, it may cause issues with this version of Minecraft
[11:41:14] [main/WARN] [FML]: Found FMLCorePluginContainsFMLMod marker in Forgelin-1.8.3.jar. This is not recommended, @Mods should be in a separate jar from the coremod.
[11:41:14] [main/WARN] [FML]: The coremod net.shadowfacts.forgelin.preloader.ForgelinPlugin does not have a MCVersion annotation, it may cause issues with this version of Minecraft
[11:41:14] [main/WARN] [FML]: The coremod ForgelinPlugin (net.shadowfacts.forgelin.preloader.ForgelinPlugin) is not signed!
[11:41:14] [main/WARN] [FML]: Found FMLCorePluginContainsFMLMod marker in InventoryTweaks-1.63.jar. This is not recommended, @Mods should be in a separate jar from the coremod.
[11:41:15] [main/WARN] [FML]: The coremod invtweaks.forge.asm.FMLPlugin does not have a MCVersion annotation, it may cause issues with this version of Minecraft
[11:41:15] [main/WARN] [FML]: Found FMLCorePluginContainsFMLMod marker in NotEnoughIDs-1.5.4.4.jar. This is not recommended, @Mods should be in a separate jar from the coremod.
[11:41:15] [main/WARN] [FML]: The coremod ru.fewizz.neid.asm.Plugin does not have a MCVersion annotation, it may cause issues with this version of Minecraft
[11:41:15] [main/WARN] [FML]: The coremod Plugin (ru.fewizz.neid.asm.Plugin) is not signed!
[11:41:15] [main/WARN] [FML]: Found FMLCorePluginContainsFMLMod marker in OpenModsLib-1.12.2-0.12.2.jar. This is not recommended, @Mods should be in a separate jar from the coremod.
[11:41:15] [main/WARN] [FML]: The coremod openmods.core.OpenModsCorePlugin does not have a MCVersion annotation, it may cause issues with this version of Minecraft
[11:41:15] [main/WARN] [FML]: Found FMLCorePluginContainsFMLMod marker in p455w0rdslib-1.12.2-2.2.156.jar. This is not recommended, @Mods should be in a separate jar from the coremod.
[11:41:15] [main/WARN] [FML]: Found FMLCorePluginContainsFMLMod marker in Quark-r1.6-177.jar. This is not recommended, @Mods should be in a separate jar from the coremod.
[11:41:15] [main/WARN] [FML]: The coremod Quark Plugin (vazkii.quark.base.asm.LoadingPlugin) is not signed!
[11:41:15] [main/WARN] [FML]: The coremod com.therandomlabs.randompatches.core.RPCore does not have a MCVersion annotation, it may cause issues with this version of Minecraft
[11:41:15] [main/WARN] [FML]: Found FMLCorePluginContainsFMLMod marker in ResourceLoader-MC1.12.1-1.5.3.jar. This is not recommended, @Mods should be in a separate jar from the coremod.
[11:41:15] [main/WARN] [FML]: The coremod lumien.resourceloader.asm.LoadingPlugin does not have a MCVersion annotation, it may cause issues with this version of Minecraft
[11:41:15] [main/WARN] [FML]: The coremod pl.asie.splashanimation.core.SplashAnimationCoremod does not have a MCVersion annotation, it may cause issues with this version of Minecraft
[11:41:15] [main/WARN] [FML]: The coremod blusunrize.immersiveengineering.common.asm.IELoadingPlugin does not have a MCVersion annotation, it may cause issues with this version of Minecraft
[11:41:15] [main/INFO] [FML]: Loading tweaker org.spongepowered.asm.launch.MixinTweaker from phosphor-1.12.2-0.2.6+build50-universal.jar
[11:41:15] [main/WARN] [FML]: The coremod shetiphian.asm.TweakPlugin does not have a MCVersion annotation, it may cause issues with this version of Minecraft
[11:41:15] [main/WARN] [FML]: The coremod ShetiPhian-ASM (shetiphian.asm.TweakPlugin) is not signed!
[11:41:15] [main/INFO] [LaunchWrapper]: Loading tweak class name net.minecraftforge.fml.common.launcher.FMLInjectionAndSortingTweaker
[11:41:15] [main/INFO] [LaunchWrapper]: Loading tweak class name codechicken.asm.internal.Tweaker
[11:41:15] [main/INFO] [LaunchWrapper]: Loading tweak class name org.spongepowered.asm.launch.MixinTweaker
[11:41:15] [main/INFO] [mixin]: SpongePowered MIXIN Subsystem Version=0.7.11 Source=file:/C:/ftb/FTBRevelation/minecraft/mods/phosphor-1.12.2-0.2.6+build50-universal.jar Service=LaunchWrapper Env=CLIENT
[11:41:15] [main/INFO] [LaunchWrapper]: Loading tweak class name net.minecraftforge.fml.common.launcher.FMLDeobfTweaker
[11:41:15] [main/INFO] [LaunchWrapper]: Calling tweak class net.minecraftforge.fml.common.launcher.FMLInjectionAndSortingTweaker
[11:41:15] [main/INFO] [LaunchWrapper]: Calling tweak class net.minecraftforge.fml.common.launcher.FMLInjectionAndSortingTweaker
[11:41:15] [main/INFO] [LaunchWrapper]: Calling tweak class net.minecraftforge.fml.relauncher.CoreModManager$FMLPluginWrapper
[11:41:17] [main/INFO] [FML]: Found valid fingerprint for Minecraft. Certificate fingerprint cd99959656f753dc28d863b46769f7f8fbaefcfc
[11:41:17] [main/ERROR] [FML]: FML appears to be missing any signature data. This is not a good thing
[11:41:17] [main/INFO] [LaunchWrapper]: Calling tweak class net.minecraftforge.fml.relauncher.CoreModManager$FMLPluginWrapper
[11:41:17] [main/INFO] [LaunchWrapper]: Calling tweak class net.minecraftforge.fml.relauncher.CoreModManager$FMLPluginWrapper
[11:41:17] [main/INFO] [Aroma1997Core]: Finished data injection.
[11:41:17] [main/INFO] [Aroma1997Core]: Finished data injection.
[11:41:17] [main/INFO] [LaunchWrapper]: Calling tweak class net.minecraftforge.fml.relauncher.CoreModManager$FMLPluginWrapper
[11:41:17] [main/INFO] [LaunchWrapper]: Calling tweak class codechicken.asm.internal.Tweaker
[11:41:17] [main/INFO] [STDOUT]: [codechicken.asm.internal.Tweaker:injectIntoClassLoader:30]: false
[11:41:17] [main/INFO] [LaunchWrapper]: Calling tweak class org.spongepowered.asm.launch.MixinTweaker
[11:41:17] [main/INFO] [mixin]: Initialised Mixin FML Remapper Adapter with net.minecraftforge.fml.common.asm.transformers.deobf.FMLDeobfuscatingRemapper@39008c9f
[11:41:17] [main/INFO] [mixin]: Compatibility level set to JAVA_8
[11:41:17] [main/INFO] [LaunchWrapper]: Calling tweak class net.minecraftforge.fml.relauncher.CoreModManager$FMLPluginWrapper
[11:41:18] [main/INFO] [LaunchWrapper]: Calling tweak class net.minecraftforge.fml.common.launcher.FMLDeobfTweaker
[11:41:18] [main/INFO] [Astral Core]: [AstralTransformer] Loading patches...
[11:41:18] [main/INFO] [Astral Core]: [AstralTransformer] Initialized! Loaded 14 class patches!
[11:41:18] [main/INFO] [LaunchWrapper]: Calling tweak class net.minecraftforge.fml.relauncher.CoreModManager$FMLPluginWrapper
[11:41:18] [main/INFO] [LaunchWrapper]: Calling tweak class net.minecraftforge.fml.relauncher.CoreModManager$FMLPluginWrapper
[11:41:18] [main/INFO] [LaunchWrapper]: Calling tweak class net.minecraftforge.fml.relauncher.CoreModManager$FMLPluginWrapper
[11:41:18] [main/INFO] [LaunchWrapper]: Calling tweak class net.minecraftforge.fml.relauncher.CoreModManager$FMLPluginWrapper
[11:41:18] [main/INFO] [LaunchWrapper]: Calling tweak class net.minecraftforge.fml.relauncher.CoreModManager$FMLPluginWrapper
[11:41:18] [main/INFO] [LaunchWrapper]: Calling tweak class net.minecraftforge.fml.relauncher.CoreModManager$FMLPluginWrapper
[11:41:18] [main/INFO] [LaunchWrapper]: Calling tweak class net.minecraftforge.fml.relauncher.CoreModManager$FMLPluginWrapper
[11:41:18] [main/INFO] [LaunchWrapper]: Calling tweak class net.minecraftforge.fml.relauncher.CoreModManager$FMLPluginWrapper
[11:41:18] [main/INFO] [LaunchWrapper]: Calling tweak class net.minecraftforge.fml.relauncher.CoreModManager$FMLPluginWrapper
[11:41:18] [main/INFO] [LaunchWrapper]: Calling tweak class net.minecraftforge.fml.relauncher.CoreModManager$FMLPluginWrapper
[11:41:18] [main/INFO] [LaunchWrapper]: Calling tweak class net.minecraftforge.fml.relauncher.CoreModManager$FMLPluginWrapper
[11:41:19] [main/INFO] [LaunchWrapper]: Calling tweak class net.minecraftforge.fml.relauncher.CoreModManager$FMLPluginWrapper
[11:41:19] [main/INFO] [LaunchWrapper]: Calling tweak class net.minecraftforge.fml.relauncher.CoreModManager$FMLPluginWrapper
[11:41:19] [main/INFO] [LaunchWrapper]: Calling tweak class net.minecraftforge.fml.relauncher.CoreModManager$FMLPluginWrapper
[11:41:19] [main/INFO] [LaunchWrapper]: Loading tweak class name net.minecraftforge.fml.common.launcher.TerminalTweaker
[11:41:19] [main/INFO] [LaunchWrapper]: Loading tweak class name org.spongepowered.asm.mixin.EnvironmentStateTweaker
[11:41:19] [main/INFO] [LaunchWrapper]: Calling tweak class net.minecraftforge.fml.common.launcher.TerminalTweaker
[11:41:19] [main/INFO] [LaunchWrapper]: Calling tweak class org.spongepowered.asm.mixin.EnvironmentStateTweaker
[11:41:19] [main/INFO] [mixin]: A re-entrant transformer '$wrapper.lumien.resourceloader.asm.ClassTransformer' was detected and will no longer process meta class data
[11:41:19] [main/INFO] [mixin]: A re-entrant transformer '$wrapper.com.therandomlabs.randompatches.core.RPTransformer' was detected and will no longer process meta class data
[11:41:19] [main/INFO] [neid]: Patching class: "net.minecraft.world.chunk.storage.AnvilChunkLoader" with Transformer Group: "TransformerGroupAnvilChunkLoader"
[11:41:19] [main/INFO] [mixin]: A re-entrant transformer '$wrapper.ru.fewizz.neid.asm.Transformer' was detected and will no longer process meta class data
[11:41:19] [main/INFO] [BedPatch]: Patching Chunk
[11:41:19] [main/INFO] [STDOUT]: [pl.asie.patchy.helpers.ConstructorReplacingTransformer$FFMethodVisitor:visitTypeInsn:73]: Replaced NEW for net/minecraft/util/ClassInheritanceMultiMap to pl/asie/foamfix/coremod/common/FoamyClassInheritanceMultiMap
[11:41:19] [main/INFO] [STDOUT]: [pl.asie.patchy.helpers.ConstructorReplacingTransformer$FFMethodVisitor:visitMethodInsn:85]: Replaced INVOKESPECIAL for net/minecraft/util/ClassInheritanceMultiMap to pl/asie/foamfix/coremod/common/FoamyClassInheritanceMultiMap
[11:41:19] [main/INFO] [mixin]: A re-entrant transformer '$wrapper.pl.asie.foamfix.coremod.FoamFixTransformer' was detected and will no longer process meta class data
[11:41:19] [main/INFO] [EnderCore ASM]: Transforming Class [net.minecraft.world.chunk.storage.ExtendedBlockStorage], Method [func_76663_a]
[11:41:19] [main/INFO] [EnderCore ASM]: Transforming net.minecraft.world.chunk.storage.ExtendedBlockStorage Finished.
[11:41:19] [main/INFO] [Astral Core]: [AstralTransformer] Transforming amu : net.minecraft.world.World with 2 patches!
[11:41:19] [main/INFO] [Astral Core]: [AstralTransformer] Applied patch PATCHSUNBRIGHTNESSWORLDCLIENT
[11:41:20] [main/INFO] [Astral Core]: [AstralTransformer] Applied patch PATCHSUNBRIGHTNESSWORLDCOMMON
[11:41:20] [main/INFO] [LaunchWrapper]: Launching wrapped minecraft {net.minecraft.client.main.Main}
[11:41:20] [main/INFO] [EnderCore ASM]: Transforming net.minecraft.entity.player.EntityPlayer finished, added func_184613_cA() overriding EntityLivingBase
[11:41:20] [main/INFO] [Astral Core]: [AstralTransformer] Transforming vp : net.minecraft.entity.EntityLivingBase with 4 patches!
[11:41:20] [main/INFO] [Astral Core]: [AstralTransformer] Applied patch PATCHAPPLYPOTIONEFFECTEVENT
[11:41:20] [main/INFO] [Astral Core]: [AstralTransformer] Applied patch PATCHENTITYLIVINGBASEWATERSLOWDOWN
[11:41:20] [main/INFO] [Astral Core]: [AstralTransformer] Applied patch PATCHSETPLAYERATTRIBUTE
[11:41:20] [main/INFO] [Astral Core]: [AstralTransformer] Applied patch PATCHUPDATEELYTRA
[11:41:20] [main/INFO] [Quark ASM]: Transforming net.minecraft.entity.Entity
[11:41:20] [main/INFO] [Quark ASM]: Applying Transformation to method (Names [move, func_70091_d] Descriptor (Lnet/minecraft/entity/MoverType;DDD)V)
[11:41:20] [main/INFO] [Quark ASM]: Located Method, patching...
[11:41:20] [main/INFO] [Quark ASM]: Patch result: true
[11:41:20] [main/INFO] [Quark ASM]: Located Method, patching...
[11:41:20] [main/INFO] [Quark ASM]: Located patch target node INVOKEVIRTUAL net/minecraft/entity/Entity.func_145775_I ()V
[11:41:20] [main/INFO] [Quark ASM]: Patch result: true
[11:41:20] [main/INFO] [Quark ASM]: Applying Transformation to method (Names [onEntityUpdate, func_70030_z] Descriptor ()V)
[11:41:20] [main/INFO] [Quark ASM]: Located Method, patching...
[11:41:20] [main/INFO] [Quark ASM]: Patch result: true
[11:41:20] [main/INFO] [ShetiPhian-ASM]: Attempting: Injection of Run Particle Override into Entity.createRunningParticles
[11:41:20] [main/INFO] [ShetiPhian-ASM]: Searching for: Entity.createRunningParticles (func_174808_Z)
[11:41:20] [main/INFO] [ShetiPhian-ASM]: Found Method: Entity.createRunningParticles
[11:41:20] [main/INFO] [ShetiPhian-ASM]: Injecting: Run Particle Override
[11:41:20] [main/INFO] [Quark ASM]: Transforming net.minecraft.client.gui.inventory.GuiContainer
[11:41:20] [main/INFO] [Quark ASM]: Applying Transformation to method (Names [drawScreen, func_73863_a] Descriptor (IIF)V)
[11:41:20] [main/INFO] [Quark ASM]: Located Method, patching...
[11:41:20] [main/INFO] [Quark ASM]: Located patch target node INVOKEVIRTUAL net/minecraft/client/gui/inventory/GuiContainer.func_146979_b (II)V
[11:41:20] [main/INFO] [Quark ASM]: Patch result: true
[11:41:20] [main/INFO] [Astral Core]: [AstralTransformer] Transforming amu : net.minecraft.world.World with 2 patches!
[11:41:20] [main/INFO] [Astral Core]: [AstralTransformer] Applied patch PATCHSUNBRIGHTNESSWORLDCLIENT
[11:41:20] [main/INFO] [Astral Core]: [AstralTransformer] Applied patch PATCHSUNBRIGHTNESSWORLDCOMMON
[11:41:20] [main/INFO] [STDOUT]: [pl.asie.foamfix.coremod.FoamFixTransformer:spliceClasses:124]: Added INTERFACE: pl/asie/foamfix/coremod/patches/IFoamFixWorldRemovable
[11:41:20] [main/INFO] [STDOUT]: [pl.asie.foamfix.coremod.FoamFixTransformer:spliceClasses:161]: Added METHOD: net.minecraft.world.World.foamfix_removeUnloadedEntities
[11:41:20] [main/INFO] [STDOUT]: [pl.asie.foamfix.coremod.patches.WorldServerRemovalPatch:apply:62]: Patched updateEntities in net/minecraft/world/WorldServer func_72939_s
[11:41:20] [main/INFO] [Quark ASM]: Transforming net.minecraft.world.WorldServer
[11:41:20] [main/INFO] [Quark ASM]: Applying Transformation to method (Names [areAllPlayersAsleep, func_73056_e] Descriptor ()Z)
[11:41:20] [main/INFO] [Quark ASM]: Located Method, patching...
[11:41:20] [main/INFO] [Quark ASM]: Patch result: true
[11:41:20] [main/INFO] [Quark ASM]: Applying Transformation to method (Names [wakeAllPlayers, func_73053_d] Descriptor ()V)
[11:41:20] [main/INFO] [Quark ASM]: Located Method, patching...
[11:41:20] [main/INFO] [Quark ASM]: Patch result: true
[11:41:20] [main/INFO] [STDOUT]: [pl.asie.foamfix.coremod.FoamFixTransformer:spliceClasses:137]: Spliced in METHOD: net.minecraft.client.util.SearchTreeManager.func_110549_a
[11:41:20] [main/INFO] [STDOUT]: [team.chisel.ctm.client.asm.CTMTransformer:preTransform:230]: Transforming Class [net.minecraftforge.client.ForgeHooksClient], Method [getDamageModel]
[11:41:20] [main/INFO] [STDOUT]: [team.chisel.ctm.client.asm.CTMTransformer:finishTransform:242]: Transforming net.minecraftforge.client.ForgeHooksClient Finished.
[11:41:21] [Client thread/INFO] [net.minecraft.client.Minecraft]: Setting user: ShirayukiMizore
[11:41:21] [Client thread/INFO] [neid]: Patching class: "net.minecraftforge.registries.GameData" with Transformer Group: "TransformerGroupBlockHardcoredConstants"
[11:41:21] [Client thread/INFO] [neid]: Patching class: "net.minecraft.block.Block" with Transformer Group: "TransformerGroupBlockHardcoredConstants"
[11:41:21] [Client thread/INFO] [STDOUT]: [team.chisel.ctm.client.asm.CTMTransformer:preTransform:230]: Transforming Class [net.minecraft.block.Block], Method [getExtendedState]
[11:41:21] [Client thread/INFO] [STDOUT]: [team.chisel.ctm.client.asm.CTMTransformer:finishTransform:242]: Transforming net.minecraft.block.Block Finished.
[11:41:21] [Client thread/INFO] [Quark ASM]: Transforming net.minecraft.enchantment.Enchantment
[11:41:21] [Client thread/INFO] [Quark ASM]: Applying Transformation to method (Names [canApply, func_92089_a] Descriptor (Lnet/minecraft/item/ItemStack;)Z)
[11:41:21] [Client thread/INFO] [Quark ASM]: Located Method, patching...
[11:41:21] [Client thread/INFO] [Quark ASM]: Located patch target node IRETURN
[11:41:21] [Client thread/INFO] [Quark ASM]: Patch result: true
[11:41:21] [Client thread/INFO] [Quark ASM]: Transforming net.minecraft.entity.item.EntityItem
[11:41:21] [Client thread/INFO] [Quark ASM]: Applying Transformation to method (Names [onUpdate, func_70071_h_] Descriptor ()V)
[11:41:21] [Client thread/INFO] [Quark ASM]: Located Method, patching...
[11:41:21] [Client thread/INFO] [Quark ASM]: Patch result: true
[11:41:21] [Client thread/INFO] [STDOUT]: [pl.asie.foamfix.coremod.FoamFixTransformer:spliceClasses:137]: Spliced in METHOD: net.minecraft.block.state.BlockStateContainer.createState
[11:41:21] [Client thread/INFO] [STDOUT]: [pl.asie.foamfix.coremod.FoamFixTransformer:spliceClasses:137]: Spliced in METHOD: net.minecraft.block.properties.PropertyEnum.equals
[11:41:21] [Client thread/INFO] [STDOUT]: [pl.asie.foamfix.coremod.FoamFixTransformer:spliceClasses:137]: Spliced in METHOD: net.minecraft.block.properties.PropertyEnum.hashCode
[11:41:21] [Client thread/INFO] [STDOUT]: [pl.asie.foamfix.coremod.FoamFixTransformer:spliceClasses:184]: Added FIELD: net.minecraft.block.properties.PropertyEnum.foamfix_hashCode
[11:41:21] [Client thread/INFO] [STDOUT]: [pl.asie.foamfix.coremod.FoamFixTransformer:spliceClasses:184]: Added FIELD: net.minecraft.block.properties.PropertyEnum.foamfix_hashCode_calced
[11:41:21] [Client thread/INFO] [STDOUT]: [pl.asie.foamfix.coremod.FoamFixTransformer:spliceClasses:137]: Spliced in METHOD: net.minecraft.block.properties.PropertyInteger.hashCode
[11:41:21] [Client thread/INFO] [STDOUT]: [pl.asie.foamfix.coremod.FoamFixTransformer:spliceClasses:184]: Added FIELD: net.minecraft.block.properties.PropertyInteger.foamfix_hashCode
[11:41:21] [Client thread/INFO] [STDOUT]: [pl.asie.foamfix.coremod.FoamFixTransformer:spliceClasses:184]: Added FIELD: net.minecraft.block.properties.PropertyInteger.foamfix_hashCode_calced
[11:41:21] [Client thread/INFO] [STDOUT]: [pl.asie.foamfix.coremod.FoamFixTransformer:spliceClasses:137]: Spliced in METHOD: net.minecraft.block.properties.PropertyBool.equals
[11:41:21] [Client thread/INFO] [STDOUT]: [pl.asie.foamfix.coremod.FoamFixTransformer:spliceClasses:137]: Spliced in METHOD: net.minecraft.block.properties.PropertyBool.hashCode
[11:41:22] [Client thread/INFO] [Astral Core]: [AstralTransformer] Transforming aip : net.minecraft.item.ItemStack with 2 patches!
[11:41:22] [Client thread/INFO] [Astral Core]: [AstralTransformer] Applied patch PATCHMODIFYENCHANTMENTLEVELSTOOLTIP
[11:41:22] [Client thread/INFO] [Astral Core]: [AstralTransformer] Applied patch PATCHMODIFYENCHANTMENTLEVELSTOOLTIPEVENT
[11:41:22] [Client thread/INFO] [Quark ASM]: Transforming net.minecraft.item.ItemStack
[11:41:22] [Client thread/INFO] [Quark ASM]: Applying Transformation to method (Names [getTextComponent, func_151000_E] Descriptor ()Lnet/minecraft/util/text/ITextComponent;)
[11:41:22] [Client thread/INFO] [Quark ASM]: Located Method, patching...
[11:41:22] [Client thread/INFO] [Quark ASM]: Located patch target node ARETURN
[11:41:22] [Client thread/INFO] [Quark ASM]: Patch result: true
[11:41:22] [Client thread/INFO] [Quark ASM]: Transforming net.minecraft.block.BlockDynamicLiquid
[11:41:22] [Client thread/INFO] [Quark ASM]: Applying Transformation to method (Names [isBlocked, func_176372_g] Descriptor (Lnet/minecraft/world/World;Lnet/minecraft/util/math/BlockPos;Lnet/minecraft/block/state/IBlockState;)Z)
[11:41:22] [Client thread/INFO] [Quark ASM]: Located Method, patching...
[11:41:22] [Client thread/INFO] [Quark ASM]: Located patch target node IRETURN
[11:41:22] [Client thread/INFO] [Quark ASM]: Located patch target node IRETURN
[11:41:22] [Client thread/INFO] [Quark ASM]: Patch result: true
[11:41:22] [Client thread/INFO] [STDOUT]: [pl.asie.foamfix.coremod.FoamFixTransformer:spliceClasses:137]: Spliced in METHOD: net.minecraft.tileentity.TileEntity.func_190559_a
[11:41:22] [Client thread/INFO] [STDOUT]: [pl.asie.foamfix.coremod.FoamFixTransformer:spliceClasses:137]: Spliced in METHOD: net.minecraft.block.BlockBed.func_189540_a
[11:41:22] [Client thread/INFO] [Quark ASM]: Transforming net.minecraft.block.BlockPistonBase
[11:41:22] [Client thread/INFO] [Quark ASM]: Applying Transformation to method (Names [canPush, func_185646_a] Descriptor (Lnet/minecraft/block/state/IBlockState;Lnet/minecraft/world/World;Lnet/minecraft/util/math/BlockPos;Lnet/minecraft/util/EnumFacing;ZLnet/minecraft/util/EnumFacing;)Z)
[11:41:22] [Client thread/INFO] [Quark ASM]: Located Method, patching...
[11:41:22] [Client thread/INFO] [Quark ASM]: Located patch target node INVOKEVIRTUAL net/minecraft/block/Block.hasTileEntity (Lnet/minecraft/block/state/IBlockState;)Z
[11:41:22] [Client thread/INFO] [Quark ASM]: Patch result: true
[11:41:22] [Client thread/INFO] [Quark ASM]: Applying Transformation to method (Names [doMove, func_176319_a] Descriptor (Lnet/minecraft/world/World;Lnet/minecraft/util/math/BlockPos;Lnet/minecraft/util/EnumFacing;Z)Z)
[11:41:22] [Client thread/INFO] [Quark ASM]: Located Method, patching...
[11:41:22] [Client thread/INFO] [Quark ASM]: Located patch target node INVOKEVIRTUAL net/minecraft/block/state/BlockPistonStructureHelper.func_177254_c ()Ljava/util/List;
[11:41:22] [Client thread/INFO] [Quark ASM]: Patch result: true
[11:41:22] [Client thread/INFO] [Quark ASM]: Applying Transformation to method (Names [doMove, func_176319_a] Descriptor (Lnet/minecraft/world/World;Lnet/minecraft/util/math/BlockPos;Lnet/minecraft/util/EnumFacing;Z)Z)
[11:41:22] [Client thread/INFO] [Quark ASM]: Located Method, patching...
[11:41:22] [Client thread/INFO] [Quark ASM]: Located patch target node INVOKESPECIAL net/minecraft/block/state/BlockPistonStructureHelper.<init> (Lnet/minecraft/world/World;Lnet/minecraft/util/math/BlockPos;Lnet/minecraft/util/EnumFacing;Z)V
[11:41:22] [Client thread/INFO] [Quark ASM]: Patch result: true
[11:41:22] [Client thread/INFO] [Quark ASM]: Applying Transformation to method (Names [checkForMove, func_176316_e] Descriptor (Lnet/minecraft/world/World;Lnet/minecraft/util/math/BlockPos;Lnet/minecraft/block/state/IBlockState;)V)
[11:41:22] [Client thread/INFO] [Quark ASM]: Located Method, patching...
[11:41:22] [Client thread/INFO] [Quark ASM]: Located patch target node INVOKESPECIAL net/minecraft/block/state/BlockPistonStructureHelper.<init> (Lnet/minecraft/world/World;Lnet/minecraft/util/math/BlockPos;Lnet/minecraft/util/EnumFacing;Z)V
[11:41:22] [Client thread/INFO] [Quark ASM]: Patch result: true
[11:41:22] [Client thread/INFO] [Quark ASM]: Transforming net.minecraft.tileentity.TileEntityPiston
[11:41:22] [Client thread/INFO] [Quark ASM]: Applying Transformation to method (Names [update, func_73660_a] Descriptor ()V)
[11:41:22] [Client thread/INFO] [Quark ASM]: Located Method, patching...
[11:41:22] [Client thread/INFO] [Quark ASM]: Patch result: true
[11:41:22] [Client thread/INFO] [Quark ASM]: Applying Transformation to method (Names [clearPistonTileEntity, func_145866_f] Descriptor ()V)
[11:41:22] [Client thread/INFO] [Quark ASM]: Located Method, patching...
[11:41:22] [Client thread/INFO] [Quark ASM]: Located patch target node INVOKEVIRTUAL net/minecraft/world/World.func_180501_a (Lnet/minecraft/util/math/BlockPos;Lnet/minecraft/block/state/IBlockState;I)Z
[11:41:22] [Client thread/INFO] [Quark ASM]: Patch result: true
[11:41:22] [Client thread/INFO] [Quark ASM]: Applying Transformation to method (Names [update, func_73660_a] Descriptor ()V)
[11:41:22] [Client thread/INFO] [Quark ASM]: Located Method, patching...
[11:41:22] [Client thread/INFO] [Quark ASM]: Located patch target node INVOKEVIRTUAL net/minecraft/world/World.func_180501_a (Lnet/minecraft/util/math/BlockPos;Lnet/minecraft/block/state/IBlockState;I)Z
[11:41:22] [Client thread/INFO] [Quark ASM]: Patch result: true
[11:41:23] [Client thread/INFO] [STDOUT]: [pl.asie.patchy.helpers.ConstructorReplacingTransformer$FFMethodVisitor:visitTypeInsn:73]: Replaced NEW for net/minecraft/tileentity/TileEntityHopper to pl/asie/foamfix/common/TileEntityFasterHopper
[11:41:23] [Client thread/INFO] [STDOUT]: [pl.asie.patchy.helpers.ConstructorReplacingTransformer$FFMethodVisitor:visitMethodInsn:85]: Replaced INVOKESPECIAL for net/minecraft/tileentity/TileEntityHopper to pl/asie/foamfix/common/TileEntityFasterHopper
[11:41:23] [Client thread/INFO] [Quark ASM]: Transforming net.minecraft.enchantment.EnchantmentDamage
[11:41:23] [Client thread/INFO] [Quark ASM]: Applying Transformation to method (Names [canApply, func_92089_a] Descriptor (Lnet/minecraft/item/ItemStack;)Z)
[11:41:23] [Client thread/INFO] [Quark ASM]: Located Method, patching...
[11:41:23] [Client thread/INFO] [Quark ASM]: Located patch target node IRETURN
[11:41:23] [Client thread/INFO] [Quark ASM]: Located patch target node IRETURN
[11:41:24] [Client thread/INFO] [Quark ASM]: Patch result: true
[11:41:24] [Client thread/INFO] [Quark ASM]: Transforming net.minecraft.entity.item.EntityMinecart
[11:41:24] [Client thread/INFO] [Quark ASM]: Applying Transformation to method (Names [killMinecart, func_94095_a] Descriptor (Lnet/minecraft/util/DamageSource;)V)
[11:41:24] [Client thread/INFO] [Quark ASM]: Located Method, patching...
[11:41:24] [Client thread/INFO] [Quark ASM]: Located patch target node INVOKEVIRTUAL net/minecraft/entity/item/EntityMinecart.func_70099_a (Lnet/minecraft/item/ItemStack;F)Lnet/minecraft/entity/item/EntityItem;
[11:41:24] [Client thread/INFO] [Quark ASM]: Patch result: true
[11:41:24] [Client thread/INFO] [Quark ASM]: Transforming net.minecraft.entity.item.EntityBoat
[11:41:24] [Client thread/INFO] [Quark ASM]: Applying Transformation to method (Names [attackEntityFrom, func_70097_a] Descriptor (Lnet/minecraft/util/DamageSource;F)Z)
[11:41:24] [Client thread/INFO] [Quark ASM]: Located Method, patching...
[11:41:24] [Client thread/INFO] [Quark ASM]: Located patch target node INVOKEVIRTUAL net/minecraft/entity/item/EntityBoat.func_145778_a (Lnet/minecraft/item/Item;IF)Lnet/minecraft/entity/item/EntityItem;
[11:41:24] [Client thread/INFO] [Quark ASM]: Patch result: true
[11:41:24] [Client thread/INFO] [Quark ASM]: Transforming net.minecraft.item.ItemBanner
[11:41:24] [Client thread/INFO] [Quark ASM]: Applying Transformation to method (Names [appendHoverTextFromTileEntityTag, func_185054_a] Descriptor (Lnet/minecraft/item/ItemStack;Ljava/util/List;)V)
[11:41:24] [Client thread/INFO] [Quark ASM]: Located Method, patching...
[11:41:24] [Client thread/INFO] [Quark ASM]: Located patch target node BIPUSH 6
[11:41:24] [Client thread/INFO] [Quark ASM]: Patch result: true
[11:41:24] [Client thread/INFO] [Astral Core]: [AstralTransformer] Transforming wg : net.minecraft.entity.ai.attributes.AbstractAttributeMap with 1 patches!
[11:41:24] [Client thread/INFO] [Astral Core]: [AstralTransformer] Applied patch PATCHADDPLAYERATTRIBUTE
[11:41:24] [Client thread/INFO] [Quark ASM]: Transforming net.minecraft.entity.ai.EntityAITarget
[11:41:24] [Client thread/INFO] [Quark ASM]: Applying Transformation to method (Names [isSuitableTarget, func_179445_a] Descriptor (Lnet/minecraft/entity/EntityLiving;Lnet/minecraft/entity/EntityLivingBase;ZZ)Z)
[11:41:24] [Client thread/INFO] [Quark ASM]: Located Method, patching...
[11:41:24] [Client thread/INFO] [Quark ASM]: Patch result: true
[11:41:24] [Client thread/INFO] [STDOUT]: [pl.asie.foamfix.coremod.FoamFixTransformer:spliceClasses:124]: Added INTERFACE: pl/asie/foamfix/api/IFoamFixMobSpawnerLogic
[11:41:24] [Client thread/INFO] [STDOUT]: [pl.asie.foamfix.coremod.FoamFixTransformer:spliceClasses:137]: Spliced in METHOD: net.minecraft.tileentity.MobSpawnerBaseLogic.func_98279_f
[11:41:24] [Client thread/INFO] [STDOUT]: [pl.asie.foamfix.coremod.FoamFixTransformer:spliceClasses:184]: Added FIELD: net.minecraft.tileentity.MobSpawnerBaseLogic.foamfix_activatedCache
[11:41:24] [Client thread/INFO] [STDOUT]: [pl.asie.foamfix.coremod.FoamFixTransformer:spliceClasses:184]: Added FIELD: net.minecraft.tileentity.MobSpawnerBaseLogic.foamfix_activatedCachePESize
[11:41:24] [Client thread/INFO] [STDOUT]: [pl.asie.foamfix.coremod.FoamFixTransformer:spliceClasses:184]: Added FIELD: net.minecraft.tileentity.MobSpawnerBaseLogic.foamfix_activatedCacheTime
[11:41:24] [Client thread/INFO] [STDOUT]: [pl.asie.foamfix.coremod.FoamFixTransformer:spliceClasses:184]: Added FIELD: net.minecraft.tileentity.MobSpawnerBaseLogic.foamfix_forcedCache
[11:41:24] [Client thread/INFO] [STDOUT]: [pl.asie.foamfix.coremod.FoamFixTransformer:spliceClasses:184]: Added FIELD: net.minecraft.tileentity.MobSpawnerBaseLogic.foamfix_forcedCacheTime
[11:41:24] [Client thread/INFO] [EnderCore ASM]: Transforming Class [net.minecraft.entity.ai.EntityAICreeperSwell], Method [func_75246_d]
[11:41:24] [Client thread/INFO] [EnderCore ASM]: Transforming net.minecraft.entity.ai.EntityAICreeperSwell Finished.
[11:41:25] [Client thread/INFO] [neid]: Patching class: "net.minecraft.stats.StatList" with Transformer Group: "TransformerGroupBlockHardcoredConstants"
[11:41:25] [Client thread/INFO] [Quark ASM]: Transforming net.minecraft.item.crafting.RecipesBanners$RecipeAddPattern
[11:41:25] [Client thread/INFO] [Quark ASM]: Applying Transformation to method (Names [matches, func_77569_a] Descriptor (Lnet/minecraft/inventory/InventoryCrafting;Lnet/minecraft/world/World;)Z)
[11:41:25] [Client thread/INFO] [Quark ASM]: Located Method, patching...
[11:41:25] [Client thread/INFO] [Quark ASM]: Located patch target node INVOKESTATIC net/minecraft/tileentity/TileEntityBanner.func_175113_c (Lnet/minecraft/item/ItemStack;)I
[11:41:25] [Client thread/INFO] [Quark ASM]: Patch result: true
[11:41:26] [Client thread/INFO] [Quark ASM]: Transforming net.minecraft.inventory.ContainerMerchant
[11:41:26] [Client thread/INFO] [Quark ASM]: Applying Transformation to method (Names [transferStackInSlot, func_82846_b] Descriptor (Lnet/minecraft/entity/player/EntityPlayer;I)Lnet/minecraft/item/ItemStack;)
[11:41:26] [Client thread/INFO] [Quark ASM]: Located Method, patching...
[11:41:26] [Client thread/INFO] [Quark ASM]: Located patch target node INVOKEVIRTUAL net/minecraft/inventory/ContainerMerchant.func_75135_a (Lnet/minecraft/item/ItemStack;IIZ)Z
[11:41:26] [Client thread/INFO] [Quark ASM]: Located patch target node INVOKEVIRTUAL net/minecraft/inventory/ContainerMerchant.func_75135_a (Lnet/minecraft/item/ItemStack;IIZ)Z
[11:41:26] [Client thread/INFO] [Quark ASM]: Located patch target node INVOKEVIRTUAL net/minecraft/inventory/ContainerMerchant.func_75135_a (Lnet/minecraft/item/ItemStack;IIZ)Z
[11:41:26] [Client thread/INFO] [Quark ASM]: Located patch target node INVOKEVIRTUAL net/minecraft/inventory/ContainerMerchant.func_75135_a (Lnet/minecraft/item/ItemStack;IIZ)Z
[11:41:26] [Client thread/INFO] [Quark ASM]: Patch result: true
[11:41:26] [Client thread/INFO] [neid]: Patching class: "net.minecraft.world.chunk.storage.AnvilChunkLoader" with Transformer Group: "TransformerGroupAnvilChunkLoader"
[11:41:26] [Client thread/INFO] [EnderCore ASM]: Transforming Class [net.minecraft.inventory.ContainerFurnace], Method [func_82846_b]
[11:41:26] [Client thread/INFO] [EnderCore ASM]: Transforming net.minecraft.inventory.ContainerFurnace Finished.
[11:41:26] [Client thread/INFO] [net.minecraft.client.Minecraft]: LWJGL Version: 2.9.4
[11:41:27] [Client thread/INFO] [FML]: -- System Details --
Details:
	Minecraft Version: 1.12.2
	Operating System: Windows 10 (amd64) version 10.0
	Java Version: 1.8.0_241, Oracle Corporation
	Java VM Version: Java HotSpot(TM) 64-Bit Server VM (mixed mode), Oracle Corporation
	Memory: 696741304 bytes (664 MB) / 902823936 bytes (861 MB) up to 5726797824 bytes (5461 MB)
	JVM Flags: 3 total; -Xms256M -Xmx6144M -XX:HeapDumpPath=MojangTricksIntelDriversForPerformance_javaw.exe_minecraft.exe.heapdump
	IntCache: cache: 0, tcache: 0, allocated: 0, tallocated: 0
	FML: 
	Loaded coremods (and transformers): 
RandomPatches (randompatches-1.12.2-1.18.1.1.jar)
  com.therandomlabs.randompatches.core.RPTransformer
SplashAnimationCoremod (SplashAnimation-0.2.1.jar)
  pl.asie.splashanimation.core.SplashProgressTransformer
BedPatch (bedpatch-2.2-1.12.2.jar)
  com.mordenkainen.bedpatch.BedPatchASM
Do not report to Forge! (If you haven't disabled the FoamFix coremod, try disabling it in the config! Note that this bit of text will still appear.) (foamfix-0.10.5-1.12.2.jar)
  pl.asie.foamfix.coremod.FoamFixTransformer
Quark Plugin (Quark-r1.6-177.jar)
  vazkii.quark.base.asm.ClassTransformer
OpenModsCorePlugin (OpenModsLib-1.12.2-0.12.2.jar)
  openmods.core.OpenModsClassTransformer
AstralCore (astralsorcery-1.12.2-1.10.20.jar)
  
CTMCorePlugin (CTM-MC1.12.2-0.3.3.22.jar)
  team.chisel.ctm.client.asm.CTMTransformer
p455w0rdc0re (p455w0rdslib-1.12.2-2.2.156.jar)
  p455w0rdslib.asm.ClassTransformer
ForgelinPlugin (Forgelin-1.8.3.jar)
  
Plugin (NotEnoughIDs-1.5.4.4.jar)
  ru.fewizz.neid.asm.Transformer
Inventory Tweaks Coremod (InventoryTweaks-1.63.jar)
  invtweaks.forge.asm.ContainerTransformer
ShetiPhian-ASM (ShetiPhian-ASM-1.12.0.jar)
  shetiphian.asm.ClassTransformer
PhosphorFMLLoadingPlugin (phosphor-1.12.2-0.2.6+build50-universal.jar)
  
LoadingPlugin (ResourceLoader-MC1.12.1-1.5.3.jar)
  lumien.resourceloader.asm.ClassTransformer
IELoadingPlugin (ImmersiveEngineering-core-0.12-91.jar)
  blusunrize.immersiveengineering.common.asm.IEClassTransformer
CoreMod (Aroma1997Core-1.12.2-2.0.0.2.jar)
  
EnderCorePlugin (EnderCore-1.12.2-0.5.68-core.jar)
  com.enderio.core.common.transform.EnderCoreTransformer
  com.enderio.core.common.transform.SimpleMixinPatcher
	GL info: ' Vendor: 'NVIDIA Corporation' Version: '4.6.0 NVIDIA 441.66' Renderer: 'GeForce GTX 1060 6GB/PCIe/SSE2'
[11:41:27] [Client thread/INFO] [Mini]: [pl.asie.splashanimation.core.SplashProgressTransformer] Successfully transformed net.minecraftforge.fml.client.SplashProgress$2.run()V
[11:41:27] [Client thread/INFO] [FML]: MinecraftForge v14.23.5.2846 Initialized
[11:41:27] [Client thread/INFO] [FML]: Starts to replace vanilla recipe ingredients with ore ingredients.
[11:41:28] [Client thread/INFO] [FML]: Invalid recipe found with multiple oredict ingredients in the same ingredient...
[11:41:28] [Client thread/INFO] [FML]: Replaced 1227 ore ingredients
[11:41:28] [Client thread/INFO] [Quark ASM]: Transforming net.minecraft.client.renderer.tileentity.TileEntityPistonRenderer
[11:41:28] [Client thread/INFO] [Quark ASM]: Applying Transformation to method (Names [render, func_192841_a] Descriptor (Lnet/minecraft/tileentity/TileEntityPiston;DDDFIF)V)
[11:41:28] [Client thread/INFO] [Quark ASM]: Located Method, patching...
[11:41:28] [Client thread/INFO] [Quark ASM]: Patch result: true
[11:41:28] [Client thread/INFO] [FML]: Searching C:\ftb\FTBRevelation\minecraft\mods for mods
[11:41:28] [Client thread/INFO] [FML]: Searching C:\ftb\FTBRevelation\minecraft\mods\1.12.2 for mods
[11:41:29] [Client thread/WARN] [FML]: Mod aroma1997core is missing the required element 'version' and a version.properties file could not be found. Falling back to metadata version 2.0.0.2
[11:41:29] [Client thread/WARN] [FML]: Mod aroma1997sdimension is missing the required element 'version' and a version.properties file could not be found. Falling back to metadata version 2.0.0.2.b89
[11:41:30] [Client thread/INFO] [FML]: Disabling mod bedpatch it is server side only.
[11:41:30] [Client thread/WARN] [FML]: Mod betterbuilderswands is missing the required element 'version' and a version.properties file could not be found. Falling back to metadata version 0.11.1
[11:41:30] [Client thread/INFO] [FML]: Mod careerbees is missing the required element 'name'. Substituting careerbees
[11:41:31] [Client thread/WARN] [FML]: Mod codechickenlib is missing the required element 'version' and a version.properties file could not be found. Falling back to metadata version 3.2.3.357
[11:41:31] [Client thread/WARN] [FML]: Mod compactsolars is missing the required element 'version' and a version.properties file could not be found. Falling back to metadata version 1.12.2-5.0.18.341
[11:41:31] [Client thread/WARN] [FML]: Mod cookingforblockheads is missing the required element 'version' and a version.properties file could not be found. Falling back to metadata version 6.4.71
[11:41:31] [Thread-4/INFO] [FML]: Using sync timing. 200 frames of Display.update took 67943800 nanos
[11:41:31] [Client thread/WARN] [FML]: Mod defaultoptions is missing the required element 'version' and a version.properties file could not be found. Falling back to metadata version 9.2.8
[11:41:32] [Client thread/WARN] [FML]: Mod enderstorage is missing the required element 'version' and a version.properties file could not be found. Falling back to metadata version 2.4.6.137
[11:41:32] [Client thread/WARN] [FML]: Mod engineersworkshop is missing the required element 'version' and a version.properties file could not be found. Falling back to metadata version 1.0.9.40
[11:41:33] [Client thread/WARN] [FML]: Mod microblockcbe is missing the required element 'version' and a version.properties file could not be found. Falling back to metadata version 2.6.2.83
[11:41:33] [Client thread/WARN] [FML]: Mod forgemultipartcbe is missing the required element 'version' and a version.properties file could not be found. Falling back to metadata version 2.6.2.83
[11:41:33] [Client thread/WARN] [FML]: Mod minecraftmultipartcbe is missing the required element 'version' and a version.properties file could not be found. Falling back to metadata version 2.6.2.83
[11:41:33] [Client thread/WARN] [FML]: Mod ironchest is missing the required element 'version' and a version.properties file could not be found. Falling back to metadata version 1.12.2-7.0.67.844
[11:41:34] [Client thread/WARN] [FML]: Mod magicbees is missing the required element 'version' and no fallback can be found. Substituting '1.0'.
[11:41:34] [Client thread/WARN] [FML]: Mod mrtjpcore is missing the required element 'version' and a version.properties file could not be found. Falling back to metadata version 2.1.4.43
[11:41:34] [Client thread/WARN] [FML]: Mod patchouli is missing the required element 'version' and a version.properties file could not be found. Falling back to metadata version 1.0-20
[11:41:34] [Client thread/WARN] [FML]: Mod projectred-core is missing the required element 'version' and a version.properties file could not be found. Falling back to metadata version 4.9.4.120
[11:41:34] [Client thread/INFO] [FML]: Mod projectred-compat is missing the required element 'name'. Substituting projectred-compat
[11:41:34] [Client thread/WARN] [FML]: Mod projectred-compat is missing the required element 'version' and no fallback can be found. Substituting '1.0'.
[11:41:34] [Client thread/WARN] [FML]: Mod projectred-fabrication is missing the required element 'version' and a version.properties file could not be found. Falling back to metadata version 4.9.4.120
[11:41:34] [Client thread/WARN] [FML]: Mod projectred-integration is missing the required element 'version' and a version.properties file could not be found. Falling back to metadata version 4.9.4.120
[11:41:34] [Client thread/WARN] [FML]: Mod projectred-transmission is missing the required element 'version' and a version.properties file could not be found. Falling back to metadata version 4.9.4.120
[11:41:34] [Client thread/WARN] [FML]: Mod projectred-illumination is missing the required element 'version' and a version.properties file could not be found. Falling back to metadata version 4.9.4.120
[11:41:34] [Client thread/WARN] [FML]: Mod projectred-expansion is missing the required element 'version' and a version.properties file could not be found. Falling back to metadata version 4.9.4.120
[11:41:34] [Client thread/WARN] [FML]: Mod projectred-relocation is missing the required element 'version' and a version.properties file could not be found. Falling back to metadata version 4.9.4.120
[11:41:34] [Client thread/WARN] [FML]: Mod projectred-transportation is missing the required element 'version' and a version.properties file could not be found. Falling back to metadata version 4.9.4.120
[11:41:34] [Client thread/WARN] [FML]: Mod projectred-exploration is missing the required element 'version' and a version.properties file could not be found. Falling back to metadata version 4.9.4.120
[11:41:36] [Client thread/WARN] [FML]: Mod tcinventoryscan is missing the required element 'version' and a version.properties file could not be found. Falling back to metadata version 2.0.10
[11:41:36] [Client thread/WARN] [FML]: Mod translocators is missing the required element 'version' and a version.properties file could not be found. Falling back to metadata version 2.5.2.81
[11:41:36] [Client thread/WARN] [FML]: Mod waystones is missing the required element 'version' and a version.properties file could not be found. Falling back to metadata version 4.0.72
[11:41:36] [Client thread/INFO] [FML]: Forge Mod Loader has identified 232 mods to load
[11:41:36] [Client thread/INFO] [FML]: Found mod(s) [danknull] containing declared API package yalter.mousetweaks.api (owned by mousetweaks) without associated API reference
[11:41:37] [Client thread/INFO] [FML]: FML has found a non-mod file bedpatch-2.2-1.12.2.jar in your mods directory. It will now be injected into your classpath. This could severe stability issues, it should be removed if possible.
[11:41:37] [Client thread/INFO] [FML]: FML has found a non-mod file AutoSave-1.12.2-1.0.11.jar in your mods directory. It will now be injected into your classpath. This could severe stability issues, it should be removed if possible.
[11:41:37] [Client thread/INFO] [FML]: FML has found a non-mod file AutoConfig-1.12.2-1.0.2.jar in your mods directory. It will now be injected into your classpath. This could severe stability issues, it should be removed if possible.
